<?xml version="1.0" encoding="UTF-8"?>
<!-- Generated by org.testng.reporters.JUnitReportReporter -->
<testsuite hostname="Trayambkay" failures="0" tests="1" name="com.skillrary.testscripts.Tc2" time="18.321" errors="0" timestamp="2023-10-01T17:59:33 IST" skipped="0">
  <testcase classname="com.skillrary.testscripts.Tc2" name="tc2" time="18.321"/>
  <system-out/>
</testsuite> <!-- com.skillrary.testscripts.Tc2 -->
