<?xml version="1.0" encoding="UTF-8"?>
<!-- Generated by org.testng.reporters.JUnitReportReporter -->
<testsuite hostname="Trayambkay" failures="0" tests="1" name="com.skillrary.testscripts.Tc2" time="43.600" errors="0" timestamp="2023-09-29T18:29:17 IST" skipped="0">
  <testcase classname="com.skillrary.testscripts.Tc2" name="tc2" time="43.600"/>
</testsuite> <!-- com.skillrary.testscripts.Tc2 -->
